Jul-23 16:02:42.730 [main] DEBUG nextflow.cli.Launcher - $> nextflow run main.nf
Jul-23 16:02:42.768 [main] DEBUG nextflow.cli.CmdRun - N E X T F L O W  ~  version 25.04.6
Jul-23 16:02:42.933 [main] DEBUG nextflow.plugin.PluginsFacade - Setting up plugin manager > mode=prod; embedded=false; plugins-dir=/Users/areebapatel/.nextflow/plugins; core-plugins: nf-amazon@2.15.0,nf-azure@1.16.0,nf-cloudcache@0.4.3,nf-codecommit@0.2.3,nf-console@1.2.1,nf-google@1.21.1,nf-k8s@1.0.0,nf-tower@1.11.4,nf-wave@1.12.1
Jul-23 16:02:42.948 [main] INFO  o.pf4j.DefaultPluginStatusProvider - Enabled plugins: []
Jul-23 16:02:42.948 [main] INFO  o.pf4j.DefaultPluginStatusProvider - Disabled plugins: []
Jul-23 16:02:42.950 [main] INFO  org.pf4j.DefaultPluginManager - PF4J version 3.12.0 in 'deployment' mode
Jul-23 16:02:42.956 [main] INFO  org.pf4j.AbstractPluginManager - No plugins
Jul-23 16:02:42.966 [main] DEBUG nextflow.config.ConfigBuilder - Found config local: /Users/areebapatel/Documents/development/Rapid-CNS2_nf/nextflow.config
Jul-23 16:02:42.968 [main] DEBUG nextflow.config.ConfigBuilder - Parsing config file: /Users/areebapatel/Documents/development/Rapid-CNS2_nf/nextflow.config
Jul-23 16:02:42.986 [main] DEBUG n.secret.LocalSecretsProvider - Secrets store: /Users/areebapatel/.nextflow/secrets/store.json
Jul-23 16:02:42.987 [main] DEBUG nextflow.secret.SecretsLoader - Discovered secrets providers: [nextflow.secret.LocalSecretsProvider@1aa99005] - activable => nextflow.secret.LocalSecretsProvider@1aa99005
Jul-23 16:02:42.990 [main] DEBUG nextflow.config.ConfigBuilder - Applying config profile: `standard`
Jul-23 16:02:43.277 [main] DEBUG nextflow.config.ConfigBuilder - In the following config snippet the attribute `params.params.outDir` is empty:

Jul-23 16:02:43.279 [main] ERROR nextflow.cli.Launcher - Unknown config attribute `params.params.outDir` -- check config file: /Users/areebapatel/Documents/development/Rapid-CNS2_nf/nextflow.config
nextflow.exception.ConfigParseException: Unknown config attribute `params.params.outDir` -- check config file: /Users/areebapatel/Documents/development/Rapid-CNS2_nf/nextflow.config
	at org.codehaus.groovy.vmplugin.v8.IndyInterface.fromCache(IndyInterface.java:321)
	at nextflow.config.ConfigBuilder.validate(ConfigBuilder.groovy:462)
	at org.codehaus.groovy.vmplugin.v8.IndyInterface.selectMethod(IndyInterface.java:355)
	at org.codehaus.groovy.vmplugin.v8.IndyInterface.fromCache(IndyInterface.java:321)
	at nextflow.config.ConfigBuilder.validate(ConfigBuilder.groovy:469)
	at org.codehaus.groovy.vmplugin.v8.IndyInterface.selectMethod(IndyInterface.java:355)
	at org.codehaus.groovy.vmplugin.v8.IndyInterface.fromCache(IndyInterface.java:321)
	at nextflow.config.ConfigBuilder.validate(ConfigBuilder.groovy:469)
	at nextflow.config.ConfigBuilder.validate(ConfigBuilder.groovy:449)
	at org.codehaus.groovy.vmplugin.v8.IndyInterface.fromCache(IndyInterface.java:321)
	at nextflow.config.ConfigBuilder.merge0(ConfigBuilder.groovy:419)
	at org.codehaus.groovy.vmplugin.v8.IndyInterface.fromCache(IndyInterface.java:321)
	at nextflow.config.ConfigBuilder.buildConfig0(ConfigBuilder.groovy:374)
	at org.codehaus.groovy.vmplugin.v8.IndyInterface.fromCache(IndyInterface.java:321)
	at nextflow.config.ConfigBuilder.buildGivenFiles(ConfigBuilder.groovy:318)
	at org.codehaus.groovy.vmplugin.v8.IndyInterface.fromCache(IndyInterface.java:321)
	at nextflow.config.ConfigBuilder.buildConfigObject(ConfigBuilder.groovy:816)
	at org.codehaus.groovy.vmplugin.v8.IndyInterface.fromCache(IndyInterface.java:321)
	at nextflow.config.ConfigBuilder.build(ConfigBuilder.groovy:829)
	at nextflow.cli.CmdRun.run(CmdRun.groovy:333)
	at nextflow.cli.Launcher.run(Launcher.groovy:513)
	at nextflow.cli.Launcher.main(Launcher.groovy:673)
